TN:
SF:src/index.tsx
FN:13,(anonymous_0)
FN:20,(anonymous_1)
FN:28,(anonymous_2)
FNF:3
FNH:0
FNDA:0,(anonymous_0)
FNDA:0,(anonymous_1)
FNDA:0,(anonymous_2)
DA:10,0
DA:11,0
DA:13,0
DA:14,0
DA:21,0
DA:28,0
DA:29,0
LF:7
LH:0
BRF:0
BRH:0
end_of_record
TN:
SF:src/components/Container.tsx
FN:9,(anonymous_0)
FNF:1
FNH:1
FNDA:2,(anonymous_0)
DA:9,2
DA:10,2
DA:21,2
LF:3
LH:3
BRF:0
BRH:0
end_of_record
TN:
SF:src/components/Drawer.tsx
FN:13,(anonymous_0)
FN:14,(anonymous_1)
FN:16,(anonymous_2)
FN:32,(anonymous_3)
FN:37,(anonymous_4)
FNF:5
FNH:5
FNDA:4,(anonymous_0)
FNDA:1,(anonymous_1)
FNDA:2,(anonymous_2)
FNDA:1,(anonymous_3)
FNDA:1,(anonymous_4)
DA:13,1
DA:14,4
DA:16,4
DA:17,2
DA:20,4
DA:32,1
DA:37,1
DA:46,1
LF:8
LH:8
BRF:0
BRH:0
end_of_record
TN:
SF:src/components/Header.tsx
FN:20,(anonymous_0)
FN:21,(anonymous_1)
FNF:2
FNH:2
FNDA:2,(anonymous_0)
FNDA:1,(anonymous_1)
DA:20,2
DA:21,2
DA:22,1
DA:25,2
DA:41,2
LF:5
LH:5
BRF:0
BRH:0
end_of_record
TN:
SF:src/components/Item.tsx
FN:15,(anonymous_0)
FN:22,(anonymous_1)
FNF:2
FNH:2
FNDA:5,(anonymous_0)
FNDA:1,(anonymous_1)
DA:15,3
DA:16,5
DA:22,1
DA:49,3
LF:4
LH:4
BRDA:26,0,0,1
BRDA:26,0,1,4
BRF:2
BRH:2
end_of_record
TN:
SF:src/components/TextInput.tsx
FN:10,(anonymous_0)
FN:14,(anonymous_1)
FNF:2
FNH:2
FNDA:2,(anonymous_0)
FNDA:1,(anonymous_1)
DA:10,1
DA:11,2
DA:14,1
DA:22,1
LF:4
LH:4
BRF:0
BRH:0
end_of_record
TN:
SF:src/constants/colors.ts
FNF:0
FNH:0
DA:9,7
LF:1
LH:1
BRF:0
BRH:0
end_of_record
TN:
SF:src/constants/types.ts
FNF:0
FNH:0
LF:0
LH:0
BRF:0
BRH:0
end_of_record
TN:
SF:src/constants/utils.ts
FN:8,normalize
FNF:1
FNH:1
FNDA:28,normalize
DA:3,6
DA:6,6
DA:9,28
DA:10,28
DA:11,28
DA:13,0
LF:6
LH:5
BRDA:10,0,0,28
BRDA:10,0,1,0
BRF:2
BRH:1
end_of_record
TN:
SF:src/services/ApiService.ts
FN:8,(anonymous_0)
FNF:1
FNH:0
FNDA:0,(anonymous_0)
DA:8,1
DA:9,0
LF:2
LH:1
BRF:0
BRH:0
end_of_record
TN:
SF:src/state/constants.ts
FNF:0
FNH:0
DA:1,1
LF:1
LH:1
BRF:0
BRH:0
end_of_record
TN:
SF:src/state/root.ts
FNF:0
FNH:0
DA:9,0
LF:1
LH:0
BRF:0
BRH:0
end_of_record
TN:
SF:src/state/aplication/action.ts
FN:6,(anonymous_0)
FN:7,(anonymous_1)
FN:23,(anonymous_2)
FN:26,(anonymous_3)
FN:44,(anonymous_4)
FNF:5
FNH:0
FNDA:0,(anonymous_0)
FNDA:0,(anonymous_1)
FNDA:0,(anonymous_2)
FNDA:0,(anonymous_3)
FNDA:0,(anonymous_4)
DA:6,1
DA:7,0
DA:8,0
DA:13,0
DA:15,0
DA:16,0
DA:23,1
DA:24,0
DA:25,0
DA:27,0
DA:31,0
DA:41,0
DA:44,1
DA:45,0
LF:14
LH:3
BRDA:6,0,0,0
BRDA:15,1,0,0
BRDA:15,1,1,0
BRF:3
BRH:0
end_of_record
TN:
SF:src/state/aplication/reducer.ts
FN:10,(anonymous_0)
FN:28,(anonymous_1)
FNF:2
FNH:0
FNDA:0,(anonymous_0)
FNDA:0,(anonymous_1)
DA:4,0
DA:10,0
DA:14,0
DA:16,0
DA:22,0
DA:28,0
DA:29,0
DA:32,0
DA:34,0
DA:40,0
LF:10
LH:0
BRDA:11,0,0,0
BRDA:14,1,0,0
BRDA:14,1,1,0
BRDA:14,1,2,0
BRDA:14,1,3,0
BRF:5
BRH:0
end_of_record
TN:
SF:src/state/aplication/type.ts
FNF:0
FNH:0
LF:0
LH:0
BRF:0
BRH:0
end_of_record
TN:
SF:src/views/Home/Favorites.tsx
FN:20,(anonymous_0)
FN:22,(anonymous_1)
FN:32,(anonymous_2)
FN:42,(anonymous_3)
FN:47,(anonymous_4)
FN:48,(anonymous_5)
FN:49,(anonymous_6)
FNF:7
FNH:0
FNDA:0,(anonymous_0)
FNDA:0,(anonymous_1)
FNDA:0,(anonymous_2)
FNDA:0,(anonymous_3)
FNDA:0,(anonymous_4)
FNDA:0,(anonymous_5)
FNDA:0,(anonymous_6)
DA:20,0
DA:21,0
DA:22,0
DA:23,0
DA:28,0
DA:32,0
DA:42,0
DA:47,0
DA:48,0
DA:49,0
LF:10
LH:0
BRDA:24,0,0,0
BRDA:24,0,1,0
BRF:2
BRH:0
end_of_record
TN:
SF:src/views/Home/Home.tsx
FN:20,(anonymous_0)
FN:21,(anonymous_1)
FN:38,(anonymous_2)
FN:45,mapDispatchToProps
FN:47,(anonymous_4)
FN:48,(anonymous_5)
FNF:6
FNH:2
FNDA:0,(anonymous_0)
FNDA:0,(anonymous_1)
FNDA:1,(anonymous_2)
FNDA:1,mapDispatchToProps
FNDA:0,(anonymous_4)
FNDA:0,(anonymous_5)
DA:20,1
DA:21,0
DA:22,0
DA:25,0
DA:38,1
DA:39,1
DA:46,1
DA:47,0
DA:48,0
LF:9
LH:4
BRF:0
BRH:0
end_of_record
TN:
SF:src/views/Home/List.tsx
FN:20,(anonymous_0)
FN:22,(anonymous_1)
FN:23,(anonymous_2)
FN:29,(anonymous_3)
FNF:4
FNH:1
FNDA:0,(anonymous_0)
FNDA:1,(anonymous_1)
FNDA:0,(anonymous_2)
FNDA:0,(anonymous_3)
DA:20,2
DA:22,2
DA:23,1
DA:24,0
DA:27,1
DA:29,1
DA:30,0
DA:42,1
LF:8
LH:6
BRF:0
BRH:0
end_of_record
TN:
SF:src/views/Home/index.tsx
FNF:0
FNH:0
LF:0
LH:0
BRF:0
BRH:0
end_of_record
